\standalonepreambles
\subpreamble{titlepage_zh.tex}

\endsubpreamble
\subpreamble{abstract_zh.tex}

\endsubpreamble
\subpreamble{abstract_en.tex}

\endsubpreamble
\subpreamble{acknowledgements.tex}

\endsubpreamble
\subpreamble{abbreviation.tex}

\endsubpreamble
\subpreamble{chapter_introduction.tex}

\endsubpreamble
\subpreamble{chapter_method.tex}

\endsubpreamble
\subpreamble{chapter_result.tex}

\endsubpreamble
\subpreamble{chapter_conclusion.tex}

\endsubpreamble
\subpreamble{chapter_template_demo.tex}

\endsubpreamble
\subpreamble{bibliography.tex}

\endsubpreamble
\subpreamble{appendix_device.tex}

\endsubpreamble
\subpreamble{appendix_solution.tex}

\endsubpreamble
\subpreamble{appendix_codes.tex}

\endsubpreamble
\subpreamble{appendix_letters_NCU.tex}

\endsubpreamble
\endstandalonepreambles
