\BOOKMARK [0][-]{chapter*.3}{\376\377\144\130\211\201}{}% 1
\BOOKMARK [0][-]{chapter*.4}{\376\377\000A\000b\000s\000t\000r\000a\000c\000t}{}% 2
\BOOKMARK [0][-]{chapter*.5}{\376\377\000A\000c\000k\000n\000o\000w\000l\000e\000d\000g\000e\000m\000e\000n\000t}{}% 3
\BOOKMARK [0][-]{section*.7}{\376\377\000C\000o\000n\000t\000e\000n\000t\000s}{}% 4
\BOOKMARK [0][-]{chapter*.11}{\376\377\000G\000l\000o\000s\000s\000a\000r\000y}{}% 5
\BOOKMARK [0][-]{chapter.1}{\376\377\000I\000n\000t\000r\000o\000d\000u\000c\000t\000i\000o\000n}{}% 6
\BOOKMARK [0][-]{chapter.2}{\376\377\000M\000e\000t\000h\000o\000d}{}% 7
\BOOKMARK [0][-]{chapter.3}{\376\377\000R\000e\000s\000u\000l\000t}{}% 8
\BOOKMARK [0][-]{chapter.4}{\376\377\000C\000o\000n\000c\000l\000u\000s\000i\000o\000n}{}% 9
\BOOKMARK [0][-]{chapter.5}{\376\377\000C\000h\000a\000p\000t\000e\000r\000\040\000n\000a\000m\000e\000\050\000d\000e\000m\000o\000\051}{}% 10
\BOOKMARK [1][-]{section.5.1}{\376\377\000S\000e\000c\000t\000i\000o\000n\000\040\000n\000a\000m\000e}{chapter.5}% 11
\BOOKMARK [2][-]{subsection.5.1.1}{\376\377\000S\000u\000b\000s\000e\000c\000t\000i\000o\000n\000\040\000n\000a\000m\000e}{section.5.1}% 12
\BOOKMARK [0][-]{chapter.6}{\376\377\000T\000e\000s\000t\000\040\000d\000e\000m\000o}{}% 13
\BOOKMARK [0][-]{chapter.7}{\376\377\000f\000i\000g\000u\000r\000e}{}% 14
\BOOKMARK [1][-]{section.7.1}{\376\377\000I\000n\000s\000e\000r\000t\000\040\000s\000i\000n\000g\000l\000e\000\040\000f\000i\000g\000u\000r\000e\000\050\000b\000y\000\040\000s\000p\000p\000m\000g\000'\000s\000\040\000t\000o\000o\000l\000\051}{chapter.7}% 15
\BOOKMARK [1][-]{section.7.2}{\376\377\000I\000n\000s\000e\000r\000t\000\040\000f\000i\000g\000u\000r\000e\000s}{chapter.7}% 16
\BOOKMARK [0][-]{chapter.8}{\376\377\000T\000a\000b\000l\000e}{}% 17
\BOOKMARK [1][-]{section.8.1}{\376\377\000S\000i\000m\000p\000l\000e\000\040\000t\000a\000b\000l\000e}{chapter.8}% 18
\BOOKMARK [1][-]{section.8.2}{\376\377\000A\000u\000t\000o\000\040\000b\000r\000e\000a\000k\000\040\000l\000i\000n\000e\000\040\000t\000a\000b\000l\000e}{chapter.8}% 19
\BOOKMARK [0][-]{appendix.A}{\376\377\000L\000i\000s\000t\000\040\000o\000f\000\040\000d\000e\000v\000i\000c\000e}{}% 20
\BOOKMARK [0][-]{appendix.B}{\376\377\000S\000o\000l\000u\000t\000i\000o\000n\000s}{}% 21
\BOOKMARK [1][-]{section.B.1}{\376\377\000T\000h\000e\000\040\000s\000o\000l\000u\000t\000i\000o\000n}{appendix.B}% 22
\BOOKMARK [0][-]{appendix.C}{\376\377\000C\000o\000d\000e}{}% 23
\BOOKMARK [1][-]{section.C.1}{\376\377\000C}{appendix.C}% 24
\BOOKMARK [1][-]{section.C.2}{\376\377\000M\000a\000t\000l\000a\000b}{appendix.C}% 25
\BOOKMARK [1][-]{section.C.3}{\376\377\000I\000D\000L}{appendix.C}% 26
\BOOKMARK [0][-]{appendix.D}{\376\377\000L\000e\000t\000t\000e\000r\000s\000\040\000b\000o\000t}{}% 27
